New log file opened at Wed May 18 11:38:06 COT 2016 by 8300@nelson-HP-Pavilion-Sleekbook-14-PC
Taking next connection to: 35406
New client attempting to connect on port: 41550-35406
  Address = /127.0.1.1:35406
This client on port 41550 has uuid 5e6f6cab-409a-4ffc-8969-b8f6ee8d44b8 configName activator humanReadableName Activator protocolVersion 3 featureTags Vector()
Connected Clients: activator-5e6f6cab-409a-4ffc-8969-b8f6ee8d44b8
Taking next connection to: 35406
New client attempting to connect on port: 41552-35406
  Address = /127.0.1.1:35406
Handshake exception on socket: 41552
sbt.impl.ipc.HandshakeException: Unable to perform handshake
	at sbt.impl.ipc.Peer.handshake(IPC.scala:46)
	at sbt.impl.ipc.MultiClientServer.<init>(IPC.scala:150)
	at sbt.server.SbtServerSocketHandler$$anon$1.run(SbtServerSocketHandler.scala:43)
Caused by: java.io.EOFException
	at java.io.DataInputStream.readInt(DataInputStream.java:392)
	at sbt.impl.ipc.Peer.receive(IPC.scala:95)
	at sbt.impl.ipc.Peer.handshake(IPC.scala:49)
	... 2 more
Taking next connection to: 35406
New client attempting to connect on port: 41554-35406
  Address = /127.0.1.1:35406
This client on port 41554 has uuid 042c21d5-f9f5-45ae-8313-d2fdce6100af configName activator humanReadableName Activator protocolVersion 3 featureTags Vector()
Connected Clients: activator-5e6f6cab-409a-4ffc-8969-b8f6ee8d44b8, activator-042c21d5-f9f5-45ae-8313-d2fdce6100af
Taking next connection to: 35406
